<?xml version="1.0" encoding="UTF-8"?>
<testsuite xmlns:xsi="http://www.w3.org/2001/XMLSchema-instance" xsi:noNamespaceSchemaLocation="https://maven.apache.org/surefire/maven-surefire-plugin/xsd/surefire-test-report.xsd" name="com.yupi.springbootinit.esdao.PostEsDaoTest" time="0.001" tests="1" errors="1" skipped="0" failures="0">
  <properties>
    <property name="sun.desktop" value="windows"/>
    <property name="awt.toolkit" value="sun.awt.windows.WToolkit"/>
    <property name="file.encoding.pkg" value="sun.io"/>
    <property name="java.specification.version" value="1.8"/>
    <property name="sun.cpu.isalist" value="amd64"/>
    <property name="sun.jnu.encoding" value="GBK"/>
    <property name="java.class.path" value="C:\Users\XY\Desktop\minigpt-backend\target\test-classes;C:\Users\XY\Desktop\minigpt-backend\target\classes;D:\maven\localRepository\org\springframework\boot\spring-boot-starter-freemarker\2.7.2\spring-boot-starter-freemarker-2.7.2.jar;D:\maven\localRepository\org\springframework\boot\spring-boot-starter\2.7.2\spring-boot-starter-2.7.2.jar;D:\maven\localRepository\org\springframework\boot\spring-boot-starter-logging\2.7.2\spring-boot-starter-logging-2.7.2.jar;D:\maven\localRepository\ch\qos\logback\logback-classic\1.2.11\logback-classic-1.2.11.jar;D:\maven\localRepository\ch\qos\logback\logback-core\1.2.11\logback-core-1.2.11.jar;D:\maven\localRepository\org\apache\logging\log4j\log4j-to-slf4j\2.17.2\log4j-to-slf4j-2.17.2.jar;D:\maven\localRepository\org\apache\logging\log4j\log4j-api\2.17.2\log4j-api-2.17.2.jar;D:\maven\localRepository\org\slf4j\jul-to-slf4j\1.7.36\jul-to-slf4j-1.7.36.jar;D:\maven\localRepository\jakarta\annotation\jakarta.annotation-api\1.3.5\jakarta.annotation-api-1.3.5.jar;D:\maven\localRepository\org\yaml\snakeyaml\1.30\snakeyaml-1.30.jar;D:\maven\localRepository\org\freemarker\freemarker\2.3.31\freemarker-2.3.31.jar;D:\maven\localRepository\org\springframework\spring-context-support\5.3.22\spring-context-support-5.3.22.jar;D:\maven\localRepository\org\springframework\spring-beans\5.3.22\spring-beans-5.3.22.jar;D:\maven\localRepository\org\springframework\spring-context\5.3.22\spring-context-5.3.22.jar;D:\maven\localRepository\org\springframework\boot\spring-boot-starter-web\2.7.2\spring-boot-starter-web-2.7.2.jar;D:\maven\localRepository\org\springframework\boot\spring-boot-starter-json\2.7.2\spring-boot-starter-json-2.7.2.jar;D:\maven\localRepository\com\fasterxml\jackson\core\jackson-databind\2.13.3\jackson-databind-2.13.3.jar;D:\maven\localRepository\com\fasterxml\jackson\core\jackson-annotations\2.13.3\jackson-annotations-2.13.3.jar;D:\maven\localRepository\com\fasterxml\jackson\core\jackson-core\2.13.3\jackson-core-2.13.3.jar;D:\maven\localRepository\com\fasterxml\jackson\datatype\jackson-datatype-jdk8\2.13.3\jackson-datatype-jdk8-2.13.3.jar;D:\maven\localRepository\com\fasterxml\jackson\datatype\jackson-datatype-jsr310\2.13.3\jackson-datatype-jsr310-2.13.3.jar;D:\maven\localRepository\com\fasterxml\jackson\module\jackson-module-parameter-names\2.13.3\jackson-module-parameter-names-2.13.3.jar;D:\maven\localRepository\org\springframework\boot\spring-boot-starter-tomcat\2.7.2\spring-boot-starter-tomcat-2.7.2.jar;D:\maven\localRepository\org\apache\tomcat\embed\tomcat-embed-core\9.0.65\tomcat-embed-core-9.0.65.jar;D:\maven\localRepository\org\apache\tomcat\embed\tomcat-embed-el\9.0.65\tomcat-embed-el-9.0.65.jar;D:\maven\localRepository\org\apache\tomcat\embed\tomcat-embed-websocket\9.0.65\tomcat-embed-websocket-9.0.65.jar;D:\maven\localRepository\org\springframework\spring-web\5.3.22\spring-web-5.3.22.jar;D:\maven\localRepository\org\springframework\spring-webmvc\5.3.22\spring-webmvc-5.3.22.jar;D:\maven\localRepository\org\springframework\spring-expression\5.3.22\spring-expression-5.3.22.jar;D:\maven\localRepository\org\springframework\boot\spring-boot-starter-aop\2.7.2\spring-boot-starter-aop-2.7.2.jar;D:\maven\localRepository\org\springframework\spring-aop\5.3.22\spring-aop-5.3.22.jar;D:\maven\localRepository\org\aspectj\aspectjweaver\1.9.7\aspectjweaver-1.9.7.jar;D:\maven\localRepository\org\mybatis\spring\boot\mybatis-spring-boot-starter\2.2.2\mybatis-spring-boot-starter-2.2.2.jar;D:\maven\localRepository\org\springframework\boot\spring-boot-starter-jdbc\2.7.2\spring-boot-starter-jdbc-2.7.2.jar;D:\maven\localRepository\com\zaxxer\HikariCP\4.0.3\HikariCP-4.0.3.jar;D:\maven\localRepository\org\springframework\spring-jdbc\5.3.22\spring-jdbc-5.3.22.jar;D:\maven\localRepository\org\mybatis\spring\boot\mybatis-spring-boot-autoconfigure\2.2.2\mybatis-spring-boot-autoconfigure-2.2.2.jar;D:\maven\localRepository\org\mybatis\mybatis\3.5.9\mybatis-3.5.9.jar;D:\maven\localRepository\org\mybatis\mybatis-spring\2.0.7\mybatis-spring-2.0.7.jar;D:\maven\localRepository\com\squareup\okhttp3\okhttp-sse\4.12.0\okhttp-sse-4.12.0.jar;D:\maven\localRepository\com\squareup\okhttp3\okhttp\4.9.3\okhttp-4.9.3.jar;D:\maven\localRepository\com\squareup\okio\okio\2.8.0\okio-2.8.0.jar;D:\maven\localRepository\org\jetbrains\kotlin\kotlin-stdlib-common\1.6.21\kotlin-stdlib-common-1.6.21.jar;D:\maven\localRepository\org\jetbrains\kotlin\kotlin-stdlib\1.6.21\kotlin-stdlib-1.6.21.jar;D:\maven\localRepository\org\jetbrains\annotations\13.0\annotations-13.0.jar;D:\maven\localRepository\org\jetbrains\kotlin\kotlin-stdlib-jdk8\1.6.21\kotlin-stdlib-jdk8-1.6.21.jar;D:\maven\localRepository\org\jetbrains\kotlin\kotlin-stdlib-jdk7\1.6.21\kotlin-stdlib-jdk7-1.6.21.jar;D:\maven\localRepository\com\baomidou\mybatis-plus-boot-starter\3.5.2\mybatis-plus-boot-starter-3.5.2.jar;D:\maven\localRepository\com\baomidou\mybatis-plus\3.5.2\mybatis-plus-3.5.2.jar;D:\maven\localRepository\com\baomidou\mybatis-plus-extension\3.5.2\mybatis-plus-extension-3.5.2.jar;D:\maven\localRepository\com\baomidou\mybatis-plus-core\3.5.2\mybatis-plus-core-3.5.2.jar;D:\maven\localRepository\com\baomidou\mybatis-plus-annotation\3.5.2\mybatis-plus-annotation-3.5.2.jar;D:\maven\localRepository\com\github\jsqlparser\jsqlparser\4.4\jsqlparser-4.4.jar;D:\maven\localRepository\org\springframework\boot\spring-boot-autoconfigure\2.7.2\spring-boot-autoconfigure-2.7.2.jar;D:\maven\localRepository\org\springframework\boot\spring-boot-starter-data-redis\2.7.2\spring-boot-starter-data-redis-2.7.2.jar;D:\maven\localRepository\org\springframework\data\spring-data-redis\2.7.2\spring-data-redis-2.7.2.jar;D:\maven\localRepository\org\springframework\data\spring-data-keyvalue\2.7.2\spring-data-keyvalue-2.7.2.jar;D:\maven\localRepository\org\springframework\data\spring-data-commons\2.7.2\spring-data-commons-2.7.2.jar;D:\maven\localRepository\org\springframework\spring-tx\5.3.22\spring-tx-5.3.22.jar;D:\maven\localRepository\org\springframework\spring-oxm\5.3.22\spring-oxm-5.3.22.jar;D:\maven\localRepository\org\slf4j\slf4j-api\1.7.36\slf4j-api-1.7.36.jar;D:\maven\localRepository\io\lettuce\lettuce-core\6.1.9.RELEASE\lettuce-core-6.1.9.RELEASE.jar;D:\maven\localRepository\io\netty\netty-common\4.1.79.Final\netty-common-4.1.79.Final.jar;D:\maven\localRepository\io\netty\netty-handler\4.1.79.Final\netty-handler-4.1.79.Final.jar;D:\maven\localRepository\io\netty\netty-resolver\4.1.79.Final\netty-resolver-4.1.79.Final.jar;D:\maven\localRepository\io\netty\netty-buffer\4.1.79.Final\netty-buffer-4.1.79.Final.jar;D:\maven\localRepository\io\netty\netty-transport-native-unix-common\4.1.79.Final\netty-transport-native-unix-common-4.1.79.Final.jar;D:\maven\localRepository\io\netty\netty-codec\4.1.79.Final\netty-codec-4.1.79.Final.jar;D:\maven\localRepository\io\netty\netty-transport\4.1.79.Final\netty-transport-4.1.79.Final.jar;D:\maven\localRepository\io\projectreactor\reactor-core\3.4.21\reactor-core-3.4.21.jar;D:\maven\localRepository\org\reactivestreams\reactive-streams\1.0.4\reactive-streams-1.0.4.jar;D:\maven\localRepository\org\springframework\session\spring-session-data-redis\2.7.0\spring-session-data-redis-2.7.0.jar;D:\maven\localRepository\org\springframework\session\spring-session-core\2.7.0\spring-session-core-2.7.0.jar;D:\maven\localRepository\org\springframework\spring-jcl\5.3.22\spring-jcl-5.3.22.jar;D:\maven\localRepository\com\github\xiaoymin\knife4j-spring-boot-starter\3.0.3\knife4j-spring-boot-starter-3.0.3.jar;D:\maven\localRepository\com\github\xiaoymin\knife4j-spring-boot-autoconfigure\3.0.3\knife4j-spring-boot-autoconfigure-3.0.3.jar;D:\maven\localRepository\com\github\xiaoymin\knife4j-spring\3.0.3\knife4j-spring-3.0.3.jar;D:\maven\localRepository\com\github\xiaoymin\knife4j-annotations\3.0.3\knife4j-annotations-3.0.3.jar;D:\maven\localRepository\io\swagger\swagger-annotations\1.5.22\swagger-annotations-1.5.22.jar;D:\maven\localRepository\io\swagger\core\v3\swagger-annotations\2.1.2\swagger-annotations-2.1.2.jar;D:\maven\localRepository\com\github\xiaoymin\knife4j-core\3.0.3\knife4j-core-3.0.3.jar;D:\maven\localRepository\org\javassist\javassist\3.25.0-GA\javassist-3.25.0-GA.jar;D:\maven\localRepository\io\springfox\springfox-swagger2\3.0.0\springfox-swagger2-3.0.0.jar;D:\maven\localRepository\io\springfox\springfox-spi\3.0.0\springfox-spi-3.0.0.jar;D:\maven\localRepository\io\springfox\springfox-schema\3.0.0\springfox-schema-3.0.0.jar;D:\maven\localRepository\io\springfox\springfox-swagger-common\3.0.0\springfox-swagger-common-3.0.0.jar;D:\maven\localRepository\io\springfox\springfox-spring-web\3.0.0\springfox-spring-web-3.0.0.jar;D:\maven\localRepository\io\github\classgraph\classgraph\4.8.83\classgraph-4.8.83.jar;D:\maven\localRepository\io\springfox\springfox-spring-webflux\3.0.0\springfox-spring-webflux-3.0.0.jar;D:\maven\localRepository\org\mapstruct\mapstruct\1.3.1.Final\mapstruct-1.3.1.Final.jar;D:\maven\localRepository\io\springfox\springfox-spring-webmvc\3.0.0\springfox-spring-webmvc-3.0.0.jar;D:\maven\localRepository\io\springfox\springfox-core\3.0.0\springfox-core-3.0.0.jar;D:\maven\localRepository\io\springfox\springfox-oas\3.0.0\springfox-oas-3.0.0.jar;D:\maven\localRepository\io\swagger\core\v3\swagger-models\2.1.2\swagger-models-2.1.2.jar;D:\maven\localRepository\io\springfox\springfox-bean-validators\3.0.0\springfox-bean-validators-3.0.0.jar;D:\maven\localRepository\io\swagger\swagger-models\1.5.22\swagger-models-1.5.22.jar;D:\maven\localRepository\io\swagger\swagger-core\1.5.22\swagger-core-1.5.22.jar;D:\maven\localRepository\com\fasterxml\jackson\dataformat\jackson-dataformat-yaml\2.13.3\jackson-dataformat-yaml-2.13.3.jar;D:\maven\localRepository\com\google\guava\guava\27.0.1-android\guava-27.0.1-android.jar;D:\maven\localRepository\com\google\guava\failureaccess\1.0.1\failureaccess-1.0.1.jar;D:\maven\localRepository\com\google\guava\listenablefuture\9999.0-empty-to-avoid-conflict-with-guava\listenablefuture-9999.0-empty-to-avoid-conflict-with-guava.jar;D:\maven\localRepository\com\google\code\findbugs\jsr305\3.0.2\jsr305-3.0.2.jar;D:\maven\localRepository\org\checkerframework\checker-compat-qual\2.5.2\checker-compat-qual-2.5.2.jar;D:\maven\localRepository\com\google\errorprone\error_prone_annotations\2.2.0\error_prone_annotations-2.2.0.jar;D:\maven\localRepository\com\google\j2objc\j2objc-annotations\1.1\j2objc-annotations-1.1.jar;D:\maven\localRepository\org\codehaus\mojo\animal-sniffer-annotations\1.17\animal-sniffer-annotations-1.17.jar;D:\maven\localRepository\javax\validation\validation-api\2.0.1.Final\validation-api-2.0.1.Final.jar;D:\maven\localRepository\io\springfox\springfox-boot-starter\3.0.0\springfox-boot-starter-3.0.0.jar;D:\maven\localRepository\io\springfox\springfox-data-rest\3.0.0\springfox-data-rest-3.0.0.jar;D:\maven\localRepository\com\fasterxml\classmate\1.5.1\classmate-1.5.1.jar;D:\maven\localRepository\org\springframework\plugin\spring-plugin-core\2.0.0.RELEASE\spring-plugin-core-2.0.0.RELEASE.jar;D:\maven\localRepository\org\springframework\plugin\spring-plugin-metadata\2.0.0.RELEASE\spring-plugin-metadata-2.0.0.RELEASE.jar;D:\maven\localRepository\com\github\xiaoymin\knife4j-spring-ui\3.0.3\knife4j-spring-ui-3.0.3.jar;D:\maven\localRepository\org\apache\commons\commons-lang3\3.12.0\commons-lang3-3.12.0.jar;D:\maven\localRepository\com\google\code\gson\gson\2.9.1\gson-2.9.1.jar;D:\maven\localRepository\cn\hutool\hutool-all\5.8.8\hutool-all-5.8.8.jar;D:\maven\localRepository\org\springframework\boot\spring-boot-devtools\2.7.2\spring-boot-devtools-2.7.2.jar;D:\maven\localRepository\org\springframework\boot\spring-boot\2.7.2\spring-boot-2.7.2.jar;D:\maven\localRepository\mysql\mysql-connector-java\8.0.29\mysql-connector-java-8.0.29.jar;D:\maven\localRepository\org\springframework\boot\spring-boot-configuration-processor\2.7.2\spring-boot-configuration-processor-2.7.2.jar;D:\maven\localRepository\org\projectlombok\lombok\1.18.24\lombok-1.18.24.jar;D:\maven\localRepository\org\springframework\boot\spring-boot-starter-test\2.7.2\spring-boot-starter-test-2.7.2.jar;D:\maven\localRepository\org\springframework\boot\spring-boot-test\2.7.2\spring-boot-test-2.7.2.jar;D:\maven\localRepository\org\springframework\boot\spring-boot-test-autoconfigure\2.7.2\spring-boot-test-autoconfigure-2.7.2.jar;D:\maven\localRepository\com\jayway\jsonpath\json-path\2.7.0\json-path-2.7.0.jar;D:\maven\localRepository\net\minidev\json-smart\2.4.8\json-smart-2.4.8.jar;D:\maven\localRepository\net\minidev\accessors-smart\2.4.8\accessors-smart-2.4.8.jar;D:\maven\localRepository\org\ow2\asm\asm\9.1\asm-9.1.jar;D:\maven\localRepository\jakarta\xml\bind\jakarta.xml.bind-api\2.3.3\jakarta.xml.bind-api-2.3.3.jar;D:\maven\localRepository\jakarta\activation\jakarta.activation-api\1.2.2\jakarta.activation-api-1.2.2.jar;D:\maven\localRepository\org\assertj\assertj-core\3.22.0\assertj-core-3.22.0.jar;D:\maven\localRepository\org\hamcrest\hamcrest\2.2\hamcrest-2.2.jar;D:\maven\localRepository\org\junit\jupiter\junit-jupiter\5.8.2\junit-jupiter-5.8.2.jar;D:\maven\localRepository\org\junit\jupiter\junit-jupiter-api\5.8.2\junit-jupiter-api-5.8.2.jar;D:\maven\localRepository\org\opentest4j\opentest4j\1.2.0\opentest4j-1.2.0.jar;D:\maven\localRepository\org\junit\platform\junit-platform-commons\1.8.2\junit-platform-commons-1.8.2.jar;D:\maven\localRepository\org\apiguardian\apiguardian-api\1.1.2\apiguardian-api-1.1.2.jar;D:\maven\localRepository\org\junit\jupiter\junit-jupiter-params\5.8.2\junit-jupiter-params-5.8.2.jar;D:\maven\localRepository\org\junit\jupiter\junit-jupiter-engine\5.8.2\junit-jupiter-engine-5.8.2.jar;D:\maven\localRepository\org\junit\platform\junit-platform-engine\1.8.2\junit-platform-engine-1.8.2.jar;D:\maven\localRepository\org\mockito\mockito-core\4.5.1\mockito-core-4.5.1.jar;D:\maven\localRepository\net\bytebuddy\byte-buddy\1.12.12\byte-buddy-1.12.12.jar;D:\maven\localRepository\net\bytebuddy\byte-buddy-agent\1.12.12\byte-buddy-agent-1.12.12.jar;D:\maven\localRepository\org\objenesis\objenesis\3.2\objenesis-3.2.jar;D:\maven\localRepository\org\mockito\mockito-junit-jupiter\4.5.1\mockito-junit-jupiter-4.5.1.jar;D:\maven\localRepository\org\skyscreamer\jsonassert\1.5.1\jsonassert-1.5.1.jar;D:\maven\localRepository\com\vaadin\external\google\android-json\0.0.20131108.vaadin1\android-json-0.0.20131108.vaadin1.jar;D:\maven\localRepository\org\springframework\spring-core\5.3.22\spring-core-5.3.22.jar;D:\maven\localRepository\org\springframework\spring-test\5.3.22\spring-test-5.3.22.jar;D:\maven\localRepository\org\xmlunit\xmlunit-core\2.9.0\xmlunit-core-2.9.0.jar;"/>
    <property name="java.vm.vendor" value="Oracle Corporation"/>
    <property name="sun.arch.data.model" value="64"/>
    <property name="user.variant" value=""/>
    <property name="java.vendor.url" value="http://java.oracle.com/"/>
    <property name="user.timezone" value="Asia/Singapore"/>
    <property name="java.vm.specification.version" value="1.8"/>
    <property name="os.name" value="Windows 11"/>
    <property name="user.country" value="CN"/>
    <property name="sun.java.launcher" value="SUN_STANDARD"/>
    <property name="sun.boot.library.path" value="D:\jdk1.8\jre\bin"/>
    <property name="sun.java.command" value="C:\Users\XY\AppData\Local\Temp\surefire4271059436761995937\surefirebooter7359476723468276822.jar C:\Users\XY\AppData\Local\Temp\surefire4271059436761995937 2024-04-22T10-04-12_234-jvmRun1 surefire6450805042549701652tmp surefire_03174980915195333992tmp"/>
    <property name="surefire.test.class.path" value="C:\Users\XY\Desktop\minigpt-backend\target\test-classes;C:\Users\XY\Desktop\minigpt-backend\target\classes;D:\maven\localRepository\org\springframework\boot\spring-boot-starter-freemarker\2.7.2\spring-boot-starter-freemarker-2.7.2.jar;D:\maven\localRepository\org\springframework\boot\spring-boot-starter\2.7.2\spring-boot-starter-2.7.2.jar;D:\maven\localRepository\org\springframework\boot\spring-boot-starter-logging\2.7.2\spring-boot-starter-logging-2.7.2.jar;D:\maven\localRepository\ch\qos\logback\logback-classic\1.2.11\logback-classic-1.2.11.jar;D:\maven\localRepository\ch\qos\logback\logback-core\1.2.11\logback-core-1.2.11.jar;D:\maven\localRepository\org\apache\logging\log4j\log4j-to-slf4j\2.17.2\log4j-to-slf4j-2.17.2.jar;D:\maven\localRepository\org\apache\logging\log4j\log4j-api\2.17.2\log4j-api-2.17.2.jar;D:\maven\localRepository\org\slf4j\jul-to-slf4j\1.7.36\jul-to-slf4j-1.7.36.jar;D:\maven\localRepository\jakarta\annotation\jakarta.annotation-api\1.3.5\jakarta.annotation-api-1.3.5.jar;D:\maven\localRepository\org\yaml\snakeyaml\1.30\snakeyaml-1.30.jar;D:\maven\localRepository\org\freemarker\freemarker\2.3.31\freemarker-2.3.31.jar;D:\maven\localRepository\org\springframework\spring-context-support\5.3.22\spring-context-support-5.3.22.jar;D:\maven\localRepository\org\springframework\spring-beans\5.3.22\spring-beans-5.3.22.jar;D:\maven\localRepository\org\springframework\spring-context\5.3.22\spring-context-5.3.22.jar;D:\maven\localRepository\org\springframework\boot\spring-boot-starter-web\2.7.2\spring-boot-starter-web-2.7.2.jar;D:\maven\localRepository\org\springframework\boot\spring-boot-starter-json\2.7.2\spring-boot-starter-json-2.7.2.jar;D:\maven\localRepository\com\fasterxml\jackson\core\jackson-databind\2.13.3\jackson-databind-2.13.3.jar;D:\maven\localRepository\com\fasterxml\jackson\core\jackson-annotations\2.13.3\jackson-annotations-2.13.3.jar;D:\maven\localRepository\com\fasterxml\jackson\core\jackson-core\2.13.3\jackson-core-2.13.3.jar;D:\maven\localRepository\com\fasterxml\jackson\datatype\jackson-datatype-jdk8\2.13.3\jackson-datatype-jdk8-2.13.3.jar;D:\maven\localRepository\com\fasterxml\jackson\datatype\jackson-datatype-jsr310\2.13.3\jackson-datatype-jsr310-2.13.3.jar;D:\maven\localRepository\com\fasterxml\jackson\module\jackson-module-parameter-names\2.13.3\jackson-module-parameter-names-2.13.3.jar;D:\maven\localRepository\org\springframework\boot\spring-boot-starter-tomcat\2.7.2\spring-boot-starter-tomcat-2.7.2.jar;D:\maven\localRepository\org\apache\tomcat\embed\tomcat-embed-core\9.0.65\tomcat-embed-core-9.0.65.jar;D:\maven\localRepository\org\apache\tomcat\embed\tomcat-embed-el\9.0.65\tomcat-embed-el-9.0.65.jar;D:\maven\localRepository\org\apache\tomcat\embed\tomcat-embed-websocket\9.0.65\tomcat-embed-websocket-9.0.65.jar;D:\maven\localRepository\org\springframework\spring-web\5.3.22\spring-web-5.3.22.jar;D:\maven\localRepository\org\springframework\spring-webmvc\5.3.22\spring-webmvc-5.3.22.jar;D:\maven\localRepository\org\springframework\spring-expression\5.3.22\spring-expression-5.3.22.jar;D:\maven\localRepository\org\springframework\boot\spring-boot-starter-aop\2.7.2\spring-boot-starter-aop-2.7.2.jar;D:\maven\localRepository\org\springframework\spring-aop\5.3.22\spring-aop-5.3.22.jar;D:\maven\localRepository\org\aspectj\aspectjweaver\1.9.7\aspectjweaver-1.9.7.jar;D:\maven\localRepository\org\mybatis\spring\boot\mybatis-spring-boot-starter\2.2.2\mybatis-spring-boot-starter-2.2.2.jar;D:\maven\localRepository\org\springframework\boot\spring-boot-starter-jdbc\2.7.2\spring-boot-starter-jdbc-2.7.2.jar;D:\maven\localRepository\com\zaxxer\HikariCP\4.0.3\HikariCP-4.0.3.jar;D:\maven\localRepository\org\springframework\spring-jdbc\5.3.22\spring-jdbc-5.3.22.jar;D:\maven\localRepository\org\mybatis\spring\boot\mybatis-spring-boot-autoconfigure\2.2.2\mybatis-spring-boot-autoconfigure-2.2.2.jar;D:\maven\localRepository\org\mybatis\mybatis\3.5.9\mybatis-3.5.9.jar;D:\maven\localRepository\org\mybatis\mybatis-spring\2.0.7\mybatis-spring-2.0.7.jar;D:\maven\localRepository\com\squareup\okhttp3\okhttp-sse\4.12.0\okhttp-sse-4.12.0.jar;D:\maven\localRepository\com\squareup\okhttp3\okhttp\4.9.3\okhttp-4.9.3.jar;D:\maven\localRepository\com\squareup\okio\okio\2.8.0\okio-2.8.0.jar;D:\maven\localRepository\org\jetbrains\kotlin\kotlin-stdlib-common\1.6.21\kotlin-stdlib-common-1.6.21.jar;D:\maven\localRepository\org\jetbrains\kotlin\kotlin-stdlib\1.6.21\kotlin-stdlib-1.6.21.jar;D:\maven\localRepository\org\jetbrains\annotations\13.0\annotations-13.0.jar;D:\maven\localRepository\org\jetbrains\kotlin\kotlin-stdlib-jdk8\1.6.21\kotlin-stdlib-jdk8-1.6.21.jar;D:\maven\localRepository\org\jetbrains\kotlin\kotlin-stdlib-jdk7\1.6.21\kotlin-stdlib-jdk7-1.6.21.jar;D:\maven\localRepository\com\baomidou\mybatis-plus-boot-starter\3.5.2\mybatis-plus-boot-starter-3.5.2.jar;D:\maven\localRepository\com\baomidou\mybatis-plus\3.5.2\mybatis-plus-3.5.2.jar;D:\maven\localRepository\com\baomidou\mybatis-plus-extension\3.5.2\mybatis-plus-extension-3.5.2.jar;D:\maven\localRepository\com\baomidou\mybatis-plus-core\3.5.2\mybatis-plus-core-3.5.2.jar;D:\maven\localRepository\com\baomidou\mybatis-plus-annotation\3.5.2\mybatis-plus-annotation-3.5.2.jar;D:\maven\localRepository\com\github\jsqlparser\jsqlparser\4.4\jsqlparser-4.4.jar;D:\maven\localRepository\org\springframework\boot\spring-boot-autoconfigure\2.7.2\spring-boot-autoconfigure-2.7.2.jar;D:\maven\localRepository\org\springframework\boot\spring-boot-starter-data-redis\2.7.2\spring-boot-starter-data-redis-2.7.2.jar;D:\maven\localRepository\org\springframework\data\spring-data-redis\2.7.2\spring-data-redis-2.7.2.jar;D:\maven\localRepository\org\springframework\data\spring-data-keyvalue\2.7.2\spring-data-keyvalue-2.7.2.jar;D:\maven\localRepository\org\springframework\data\spring-data-commons\2.7.2\spring-data-commons-2.7.2.jar;D:\maven\localRepository\org\springframework\spring-tx\5.3.22\spring-tx-5.3.22.jar;D:\maven\localRepository\org\springframework\spring-oxm\5.3.22\spring-oxm-5.3.22.jar;D:\maven\localRepository\org\slf4j\slf4j-api\1.7.36\slf4j-api-1.7.36.jar;D:\maven\localRepository\io\lettuce\lettuce-core\6.1.9.RELEASE\lettuce-core-6.1.9.RELEASE.jar;D:\maven\localRepository\io\netty\netty-common\4.1.79.Final\netty-common-4.1.79.Final.jar;D:\maven\localRepository\io\netty\netty-handler\4.1.79.Final\netty-handler-4.1.79.Final.jar;D:\maven\localRepository\io\netty\netty-resolver\4.1.79.Final\netty-resolver-4.1.79.Final.jar;D:\maven\localRepository\io\netty\netty-buffer\4.1.79.Final\netty-buffer-4.1.79.Final.jar;D:\maven\localRepository\io\netty\netty-transport-native-unix-common\4.1.79.Final\netty-transport-native-unix-common-4.1.79.Final.jar;D:\maven\localRepository\io\netty\netty-codec\4.1.79.Final\netty-codec-4.1.79.Final.jar;D:\maven\localRepository\io\netty\netty-transport\4.1.79.Final\netty-transport-4.1.79.Final.jar;D:\maven\localRepository\io\projectreactor\reactor-core\3.4.21\reactor-core-3.4.21.jar;D:\maven\localRepository\org\reactivestreams\reactive-streams\1.0.4\reactive-streams-1.0.4.jar;D:\maven\localRepository\org\springframework\session\spring-session-data-redis\2.7.0\spring-session-data-redis-2.7.0.jar;D:\maven\localRepository\org\springframework\session\spring-session-core\2.7.0\spring-session-core-2.7.0.jar;D:\maven\localRepository\org\springframework\spring-jcl\5.3.22\spring-jcl-5.3.22.jar;D:\maven\localRepository\com\github\xiaoymin\knife4j-spring-boot-starter\3.0.3\knife4j-spring-boot-starter-3.0.3.jar;D:\maven\localRepository\com\github\xiaoymin\knife4j-spring-boot-autoconfigure\3.0.3\knife4j-spring-boot-autoconfigure-3.0.3.jar;D:\maven\localRepository\com\github\xiaoymin\knife4j-spring\3.0.3\knife4j-spring-3.0.3.jar;D:\maven\localRepository\com\github\xiaoymin\knife4j-annotations\3.0.3\knife4j-annotations-3.0.3.jar;D:\maven\localRepository\io\swagger\swagger-annotations\1.5.22\swagger-annotations-1.5.22.jar;D:\maven\localRepository\io\swagger\core\v3\swagger-annotations\2.1.2\swagger-annotations-2.1.2.jar;D:\maven\localRepository\com\github\xiaoymin\knife4j-core\3.0.3\knife4j-core-3.0.3.jar;D:\maven\localRepository\org\javassist\javassist\3.25.0-GA\javassist-3.25.0-GA.jar;D:\maven\localRepository\io\springfox\springfox-swagger2\3.0.0\springfox-swagger2-3.0.0.jar;D:\maven\localRepository\io\springfox\springfox-spi\3.0.0\springfox-spi-3.0.0.jar;D:\maven\localRepository\io\springfox\springfox-schema\3.0.0\springfox-schema-3.0.0.jar;D:\maven\localRepository\io\springfox\springfox-swagger-common\3.0.0\springfox-swagger-common-3.0.0.jar;D:\maven\localRepository\io\springfox\springfox-spring-web\3.0.0\springfox-spring-web-3.0.0.jar;D:\maven\localRepository\io\github\classgraph\classgraph\4.8.83\classgraph-4.8.83.jar;D:\maven\localRepository\io\springfox\springfox-spring-webflux\3.0.0\springfox-spring-webflux-3.0.0.jar;D:\maven\localRepository\org\mapstruct\mapstruct\1.3.1.Final\mapstruct-1.3.1.Final.jar;D:\maven\localRepository\io\springfox\springfox-spring-webmvc\3.0.0\springfox-spring-webmvc-3.0.0.jar;D:\maven\localRepository\io\springfox\springfox-core\3.0.0\springfox-core-3.0.0.jar;D:\maven\localRepository\io\springfox\springfox-oas\3.0.0\springfox-oas-3.0.0.jar;D:\maven\localRepository\io\swagger\core\v3\swagger-models\2.1.2\swagger-models-2.1.2.jar;D:\maven\localRepository\io\springfox\springfox-bean-validators\3.0.0\springfox-bean-validators-3.0.0.jar;D:\maven\localRepository\io\swagger\swagger-models\1.5.22\swagger-models-1.5.22.jar;D:\maven\localRepository\io\swagger\swagger-core\1.5.22\swagger-core-1.5.22.jar;D:\maven\localRepository\com\fasterxml\jackson\dataformat\jackson-dataformat-yaml\2.13.3\jackson-dataformat-yaml-2.13.3.jar;D:\maven\localRepository\com\google\guava\guava\27.0.1-android\guava-27.0.1-android.jar;D:\maven\localRepository\com\google\guava\failureaccess\1.0.1\failureaccess-1.0.1.jar;D:\maven\localRepository\com\google\guava\listenablefuture\9999.0-empty-to-avoid-conflict-with-guava\listenablefuture-9999.0-empty-to-avoid-conflict-with-guava.jar;D:\maven\localRepository\com\google\code\findbugs\jsr305\3.0.2\jsr305-3.0.2.jar;D:\maven\localRepository\org\checkerframework\checker-compat-qual\2.5.2\checker-compat-qual-2.5.2.jar;D:\maven\localRepository\com\google\errorprone\error_prone_annotations\2.2.0\error_prone_annotations-2.2.0.jar;D:\maven\localRepository\com\google\j2objc\j2objc-annotations\1.1\j2objc-annotations-1.1.jar;D:\maven\localRepository\org\codehaus\mojo\animal-sniffer-annotations\1.17\animal-sniffer-annotations-1.17.jar;D:\maven\localRepository\javax\validation\validation-api\2.0.1.Final\validation-api-2.0.1.Final.jar;D:\maven\localRepository\io\springfox\springfox-boot-starter\3.0.0\springfox-boot-starter-3.0.0.jar;D:\maven\localRepository\io\springfox\springfox-data-rest\3.0.0\springfox-data-rest-3.0.0.jar;D:\maven\localRepository\com\fasterxml\classmate\1.5.1\classmate-1.5.1.jar;D:\maven\localRepository\org\springframework\plugin\spring-plugin-core\2.0.0.RELEASE\spring-plugin-core-2.0.0.RELEASE.jar;D:\maven\localRepository\org\springframework\plugin\spring-plugin-metadata\2.0.0.RELEASE\spring-plugin-metadata-2.0.0.RELEASE.jar;D:\maven\localRepository\com\github\xiaoymin\knife4j-spring-ui\3.0.3\knife4j-spring-ui-3.0.3.jar;D:\maven\localRepository\org\apache\commons\commons-lang3\3.12.0\commons-lang3-3.12.0.jar;D:\maven\localRepository\com\google\code\gson\gson\2.9.1\gson-2.9.1.jar;D:\maven\localRepository\cn\hutool\hutool-all\5.8.8\hutool-all-5.8.8.jar;D:\maven\localRepository\org\springframework\boot\spring-boot-devtools\2.7.2\spring-boot-devtools-2.7.2.jar;D:\maven\localRepository\org\springframework\boot\spring-boot\2.7.2\spring-boot-2.7.2.jar;D:\maven\localRepository\mysql\mysql-connector-java\8.0.29\mysql-connector-java-8.0.29.jar;D:\maven\localRepository\org\springframework\boot\spring-boot-configuration-processor\2.7.2\spring-boot-configuration-processor-2.7.2.jar;D:\maven\localRepository\org\projectlombok\lombok\1.18.24\lombok-1.18.24.jar;D:\maven\localRepository\org\springframework\boot\spring-boot-starter-test\2.7.2\spring-boot-starter-test-2.7.2.jar;D:\maven\localRepository\org\springframework\boot\spring-boot-test\2.7.2\spring-boot-test-2.7.2.jar;D:\maven\localRepository\org\springframework\boot\spring-boot-test-autoconfigure\2.7.2\spring-boot-test-autoconfigure-2.7.2.jar;D:\maven\localRepository\com\jayway\jsonpath\json-path\2.7.0\json-path-2.7.0.jar;D:\maven\localRepository\net\minidev\json-smart\2.4.8\json-smart-2.4.8.jar;D:\maven\localRepository\net\minidev\accessors-smart\2.4.8\accessors-smart-2.4.8.jar;D:\maven\localRepository\org\ow2\asm\asm\9.1\asm-9.1.jar;D:\maven\localRepository\jakarta\xml\bind\jakarta.xml.bind-api\2.3.3\jakarta.xml.bind-api-2.3.3.jar;D:\maven\localRepository\jakarta\activation\jakarta.activation-api\1.2.2\jakarta.activation-api-1.2.2.jar;D:\maven\localRepository\org\assertj\assertj-core\3.22.0\assertj-core-3.22.0.jar;D:\maven\localRepository\org\hamcrest\hamcrest\2.2\hamcrest-2.2.jar;D:\maven\localRepository\org\junit\jupiter\junit-jupiter\5.8.2\junit-jupiter-5.8.2.jar;D:\maven\localRepository\org\junit\jupiter\junit-jupiter-api\5.8.2\junit-jupiter-api-5.8.2.jar;D:\maven\localRepository\org\opentest4j\opentest4j\1.2.0\opentest4j-1.2.0.jar;D:\maven\localRepository\org\junit\platform\junit-platform-commons\1.8.2\junit-platform-commons-1.8.2.jar;D:\maven\localRepository\org\apiguardian\apiguardian-api\1.1.2\apiguardian-api-1.1.2.jar;D:\maven\localRepository\org\junit\jupiter\junit-jupiter-params\5.8.2\junit-jupiter-params-5.8.2.jar;D:\maven\localRepository\org\junit\jupiter\junit-jupiter-engine\5.8.2\junit-jupiter-engine-5.8.2.jar;D:\maven\localRepository\org\junit\platform\junit-platform-engine\1.8.2\junit-platform-engine-1.8.2.jar;D:\maven\localRepository\org\mockito\mockito-core\4.5.1\mockito-core-4.5.1.jar;D:\maven\localRepository\net\bytebuddy\byte-buddy\1.12.12\byte-buddy-1.12.12.jar;D:\maven\localRepository\net\bytebuddy\byte-buddy-agent\1.12.12\byte-buddy-agent-1.12.12.jar;D:\maven\localRepository\org\objenesis\objenesis\3.2\objenesis-3.2.jar;D:\maven\localRepository\org\mockito\mockito-junit-jupiter\4.5.1\mockito-junit-jupiter-4.5.1.jar;D:\maven\localRepository\org\skyscreamer\jsonassert\1.5.1\jsonassert-1.5.1.jar;D:\maven\localRepository\com\vaadin\external\google\android-json\0.0.20131108.vaadin1\android-json-0.0.20131108.vaadin1.jar;D:\maven\localRepository\org\springframework\spring-core\5.3.22\spring-core-5.3.22.jar;D:\maven\localRepository\org\springframework\spring-test\5.3.22\spring-test-5.3.22.jar;D:\maven\localRepository\org\xmlunit\xmlunit-core\2.9.0\xmlunit-core-2.9.0.jar;"/>
    <property name="sun.cpu.endian" value="little"/>
    <property name="user.home" value="C:\Users\XY"/>
    <property name="user.language" value="zh"/>
    <property name="java.specification.vendor" value="Oracle Corporation"/>
    <property name="java.home" value="D:\jdk1.8\jre"/>
    <property name="basedir" value="C:\Users\XY\Desktop\minigpt-backend"/>
    <property name="file.separator" value="\"/>
    <property name="line.separator" value="&#10;"/>
    <property name="java.vm.specification.vendor" value="Oracle Corporation"/>
    <property name="java.specification.name" value="Java Platform API Specification"/>
    <property name="java.awt.graphicsenv" value="sun.awt.Win32GraphicsEnvironment"/>
    <property name="surefire.real.class.path" value="C:\Users\XY\AppData\Local\Temp\surefire4271059436761995937\surefirebooter7359476723468276822.jar"/>
    <property name="sun.boot.class.path" value="D:\jdk1.8\jre\lib\resources.jar;D:\jdk1.8\jre\lib\rt.jar;D:\jdk1.8\jre\lib\jsse.jar;D:\jdk1.8\jre\lib\jce.jar;D:\jdk1.8\jre\lib\charsets.jar;D:\jdk1.8\jre\lib\jfr.jar;D:\jdk1.8\jre\classes"/>
    <property name="user.script" value=""/>
    <property name="sun.management.compiler" value="HotSpot 64-Bit Tiered Compilers"/>
    <property name="java.runtime.version" value="1.8.0_361-b09"/>
    <property name="user.name" value="XY"/>
    <property name="path.separator" value=";"/>
    <property name="os.version" value="10.0"/>
    <property name="java.endorsed.dirs" value="D:\jdk1.8\jre\lib\endorsed"/>
    <property name="java.runtime.name" value="Java(TM) SE Runtime Environment"/>
    <property name="file.encoding" value="GBK"/>
    <property name="java.vm.name" value="Java HotSpot(TM) 64-Bit Server VM"/>
    <property name="localRepository" value="D:\maven\localRepository"/>
    <property name="java.vendor.url.bug" value="http://bugreport.sun.com/bugreport/"/>
    <property name="java.io.tmpdir" value="C:\Users\XY\AppData\Local\Temp\"/>
    <property name="idea.version" value="2023.3.6"/>
    <property name="java.version" value="1.8.0_361"/>
    <property name="user.dir" value="C:\Users\XY\Desktop\minigpt-backend"/>
    <property name="os.arch" value="amd64"/>
    <property name="java.vm.specification.name" value="Java Virtual Machine Specification"/>
    <property name="java.awt.printerjob" value="sun.awt.windows.WPrinterJob"/>
    <property name="sun.os.patch.level" value=""/>
    <property name="java.library.path" value="D:\jdk1.8\jre\bin;C:\windows\Sun\Java\bin;C:\windows\system32;C:\windows;C:\Program Files (x86)\Common Files\Oracle\Java\javapath;C:\windows\system32;C:\windows;C:\windows\System32\Wbem;C:\windows\System32\WindowsPowerShell\v1.0\;C:\windows\System32\OpenSSH\;D:\mingw64\bin;D:\gitbush\Git\cmd;D:\python\python.exe;C:\Users\XY\AppData\Roaming\Python\Python310\Scripts;D:\nodejs\node_global;D:\CHINA_SC_scu\node_modules\.bin;C:\Program Files\Pandoc\;D:\maven\bin;D:\jdk17\bin;D:\wxdev\微信web开发者工具\dll;D:\PHP\php-8.1.19-Win32-vs16-x64;D:\Main\DataSpace\MySql\bin;D:\Go\bin;C:\Users\XY\Desktop\OpenCV4.5.1\install\x64\mingw\bin;D:\nodejs\;C:\Program Files\PowerShell\7\;D:\Scoop\shims;D:\python\Scripts\;D:\python\;C:\Users\XY\AppData\Local\Microsoft\WindowsApps;C:\Users\XY\AppData\Local\Programs\Microsoft VS Code\bin;D:\Bandizip\;D:\Idea\IntelliJ IDEA 2022.3.1\bin;;D:\Idea\IntelliJ IDEA 2022.3.1\bin;;C:\Users\XY\AppData\Local\Microsoft\WindowsApps;C:\Users\XY\go\bin;C:\Users\XY\AppData\Roaming\npm;."/>
    <property name="java.vm.info" value="mixed mode"/>
    <property name="java.vendor" value="Oracle Corporation"/>
    <property name="java.vm.version" value="25.361-b09"/>
    <property name="java.specification.maintenance.version" value="4"/>
    <property name="java.ext.dirs" value="D:\jdk1.8\jre\lib\ext;C:\windows\Sun\Java\lib\ext"/>
    <property name="sun.io.unicode.encoding" value="UnicodeLittle"/>
    <property name="java.class.version" value="52.0"/>
  </properties>
  <testcase name="com.yupi.springbootinit.esdao.PostEsDaoTest" classname="com.yupi.springbootinit.esdao.PostEsDaoTest" time="0.001">
    <error message="Lcom/yupi/springbootinit/esdao/PostEsDao;" type="java.lang.NoClassDefFoundError">java.lang.NoClassDefFoundError: Lcom/yupi/springbootinit/esdao/PostEsDao;
Caused by: java.lang.ClassNotFoundException: com.yupi.springbootinit.esdao.PostEsDao
</error>
  </testcase>
</testsuite>